*** Starting uWSGI 2.0.19 (64bit) on [Wed Feb 17 01:27:25 2021] ***
compiled with version: 8.3.0 on 17 February 2021 01:05:58
os: Linux-3.10.0-1062.9.1.el7.x86_64 #1 SMP Fri Dec 6 15:49:49 UTC 2019
nodename: 2142115150b6
machine: x86_64
clock source: unix
pcre jit disabled
detected number of CPU cores: 2
current working directory: /var/www/html/gel_database
writing pidfile to /tmp/gel_database-master.pid
detected binary path: /usr/local/bin/uwsgi
chdir() to /var/www/html/gel_database
your memory page size is 4096 bytes
 *** WARNING: you have enabled harakiri without post buffering. Slow upload could be rejected on post-unbuffered webservers *** 
detected max file descriptor number: 1048576
lock engine: pthread robust mutexes
thunder lock: disabled (you can enable it with --thunder-lock)
uwsgi socket 0 bound to TCP address 0.0.0.0:8000 fd 3
setgid() to 33
setuid() to 33
Python version: 3.7.9 (default, Jan 12 2021, 17:26:22)  [GCC 8.3.0]
*** Python threads support is disabled. You can enable it with --enable-threads ***
Python main interpreter initialized at 0x5574cbf187b0
your server socket listen backlog is limited to 100 connections
your mercy for graceful operations on workers is 60 seconds
mapped 403077 bytes (393 KB) for 2 cores
*** Operational MODE: preforking ***
WSGI app 0 (mountpoint='') ready in 0 seconds on interpreter 0x5574cbf187b0 pid: 19 (default app)
*** uWSGI is running in multiple interpreter mode ***
spawned uWSGI master process (pid: 19)
spawned uWSGI worker 1 (pid: 20, cores: 1)
spawned uWSGI worker 2 (pid: 21, cores: 1)
{address space usage: 82411520 bytes/78MB} {rss usage: 29605888 bytes/28MB} [pid: 20|app: 0|req: 1/1] 123.192.80.44 () {42 vars in 734 bytes} [Wed Feb 17 01:27:57 2021] GET / => generated 16351 bytes in 19 msecs (HTTP/1.1 200) 5 headers in 153 bytes (1 switches on core 0)
